  1 laba.cpp
c:\users\user\source\repos\1 laba\1 laba.cpp(514): warning C4244: аргумент: преобразование "int" в "T", возможна потеря данных
          with
          [
              T=float
          ]
c:\users\user\source\repos\1 laba\1 laba.cpp(515): warning C4244: аргумент: преобразование "int" в "T", возможна потеря данных
          with
          [
              T=float
          ]
c:\users\user\source\repos\1 laba\1 laba.cpp(554): warning C4244: аргумент: преобразование "int" в "T", возможна потеря данных
          with
          [
              T=float
          ]
c:\users\user\source\repos\1 laba\1 laba.cpp(555): warning C4244: аргумент: преобразование "int" в "T", возможна потеря данных
          with
          [
              T=float
          ]
c:\users\user\source\repos\1 laba\1 laba.cpp(639): warning C4244: аргумент: преобразование "int" в "T", возможна потеря данных
          with
          [
              T=float
          ]
c:\users\user\source\repos\1 laba\1 laba.cpp(640): warning C4244: аргумент: преобразование "int" в "T", возможна потеря данных
          with
          [
              T=float
          ]
c:\users\user\source\repos\1 laba\1 laba.cpp(674): warning C4244: аргумент: преобразование "int" в "T", возможна потеря данных
          with
          [
              T=float
          ]
c:\users\user\source\repos\1 laba\1 laba.cpp(675): warning C4244: аргумент: преобразование "int" в "T", возможна потеря данных
          with
          [
              T=float
          ]
c:\users\user\source\repos\1 laba\1 laba.cpp(753): warning C4244: аргумент: преобразование "int" в "T", возможна потеря данных
          with
          [
              T=float
          ]
c:\users\user\source\repos\1 laba\1 laba.cpp(754): warning C4244: аргумент: преобразование "int" в "T", возможна потеря данных
          with
          [
              T=float
          ]
c:\users\user\source\repos\1 laba\1 laba.cpp(791): warning C4244: аргумент: преобразование "int" в "T", возможна потеря данных
          with
          [
              T=float
          ]
c:\users\user\source\repos\1 laba\1 laba.cpp(792): warning C4244: аргумент: преобразование "int" в "T", возможна потеря данных
          with
          [
              T=float
          ]
  1 laba.vcxproj -> C:\Users\User\source\repos\1 laba\Debug\1 laba.exe
